<?xml version="1.0" encoding="UTF-8"?>
<!-- Generated by org.testng.reporters.JUnitReportReporter -->
<testsuite hostname="quezabitheone" failures="0" tests="6" name="com.test.adminfunctions.CreateAdminTest" time="2.280" errors="0" timestamp="2023-05-25T16:06:17 JST" skipped="0">
  <testcase classname="com.test.adminfunctions.CreateAdminTest" name="nameCleanerWorks" time="0.262"/>
  <system-out/>
  <testcase classname="com.test.adminfunctions.CreateAdminTest" name="saltValid" time="0.757"/>
  <system-out/>
  <testcase classname="com.test.adminfunctions.CreateAdminTest" name="passwordValid" time="0.467"/>
  <system-out/>
  <testcase classname="com.test.adminfunctions.CreateAdminTest" name="lastNameValid" time="0.263"/>
  <system-out/>
  <testcase classname="com.test.adminfunctions.CreateAdminTest" name="firstNameValid" time="0.279"/>
  <system-out/>
  <testcase classname="com.test.adminfunctions.CreateAdminTest" name="nullValueFoundTest" time="0.252"/>
  <system-out/>
</testsuite> <!-- com.test.adminfunctions.CreateAdminTest -->
