<?xml version="1.0" encoding="UTF-8"?>
<!-- Generated by org.testng.reporters.JUnitReportReporter -->
<testsuite hostname="quezabitheone" failures="0" tests="5" name="com.test.adminfunctions.CreateAdminTest" time="2.459" errors="0" timestamp="2023-05-11T15:36:09 JST" skipped="0">
  <testcase classname="com.test.adminfunctions.CreateAdminTest" name="nullValueFoundTest" time="0.258"/>
  <system-out/>
  <testcase classname="com.test.adminfunctions.CreateAdminTest" name="lastNameValid" time="0.748"/>
  <system-out/>
  <testcase classname="com.test.adminfunctions.CreateAdminTest" name="saltValid" time="0.547"/>
  <system-out/>
  <testcase classname="com.test.adminfunctions.CreateAdminTest" name="firstNameValid" time="0.338"/>
  <system-out/>
  <testcase classname="com.test.adminfunctions.CreateAdminTest" name="passwordValid" time="0.568"/>
  <system-out/>
</testsuite> <!-- com.test.adminfunctions.CreateAdminTest -->
