<?xml version="1.0" encoding="UTF-8"?>
<!-- Generated by org.testng.reporters.JUnitReportReporter -->
<testsuite hostname="quezabitheone" failures="0" tests="1" name="com.test.adminfunctions.CreateUserTest" time="0.099" errors="0" timestamp="2023-04-24T11:12:07 JST" skipped="0">
  <testcase classname="com.test.adminfunctions.CreateUserTest" name="testDoInBackground" time="0.099"/>
  <system-out/>
</testsuite> <!-- com.test.adminfunctions.CreateUserTest -->
