<?xml version="1.0" encoding="UTF-8"?>
<!-- Generated by org.testng.reporters.JUnitReportReporter -->
<testsuite hostname="quezabitheone" failures="0" tests="2" name="com.test.adminfunctions.CreateConfigurationTest" time="0.023" errors="0" timestamp="2023-05-25T08:55:38 JST" skipped="0">
  <testcase classname="com.test.adminfunctions.CreateConfigurationTest" name="firstNameValid" time="0.021"/>
  <system-out/>
  <testcase classname="com.test.adminfunctions.CreateConfigurationTest" name="lastNameValid" time="0.002"/>
  <system-out/>
</testsuite> <!-- com.test.adminfunctions.CreateConfigurationTest -->
