<?xml version="1.0" encoding="UTF-8"?>
<!-- Generated by org.testng.reporters.JUnitReportReporter -->
<testsuite hostname="quezabitheone" failures="0" tests="9" name="com.testing.NewTest" time="0.041" errors="0" timestamp="2023-04-22T16:16:34 JST" skipped="0">
  <testcase classname="com.testing.NewTest" name="testIsOnlyLettersAndNumbersWithString" time="0.001"/>
  <system-out/>
  <testcase classname="com.testing.NewTest" name="testIsOnlyLettersAndNumbersWithCharArray" time="0.001"/>
  <system-out/>
  <testcase classname="com.testing.NewTest" name="testNoEntryFoundWithString" time="0.002"/>
  <system-out/>
  <testcase classname="com.testing.NewTest" name="testValidatePasswordWithString" time="0.003"/>
  <system-out/>
  <testcase classname="com.testing.NewTest" name="testIsOnlyLetterCharactersWithString" time="0.003"/>
  <system-out/>
  <testcase classname="com.testing.NewTest" name="testContainsLegalCharactersWithString" time="0.003"/>
  <system-out/>
  <testcase classname="com.testing.NewTest" name="testIsOnlyLetterCharactersWithCharArray" time="0.002"/>
  <system-out/>
  <testcase classname="com.testing.NewTest" name="testContainsLegalCharactersWithCharArray" time="0.023"/>
  <system-out/>
  <testcase classname="com.testing.NewTest" name="testValidatePasswordWithCharArray" time="0.003"/>
  <system-out/>
</testsuite> <!-- com.testing.NewTest -->
