<?xml version="1.0" encoding="UTF-8"?>
<!-- Generated by org.testng.reporters.JUnitReportReporter -->
<testsuite hostname="quezabitheone" failures="0" tests="4" name="csvtests.UserCsvManagerTest" time="0.031" errors="0" timestamp="2023-05-22T18:06:38 JST" skipped="0">
  <testcase classname="csvtests.UserCsvManagerTest" name="addData" time="0.014"/>
  <system-out/>
  <testcase classname="csvtests.UserCsvManagerTest" name="removeData" time="0.011"/>
  <system-out/>
  <testcase classname="csvtests.UserCsvManagerTest" name="addDataAlternating" time="0.004"/>
  <system-out/>
  <testcase classname="csvtests.UserCsvManagerTest" name="retrieveData" time="0.002"/>
  <system-out/>
</testsuite> <!-- csvtests.UserCsvManagerTest -->
