<?xml version="1.0" encoding="UTF-8"?>
<!-- Generated by org.testng.reporters.JUnitReportReporter -->
<testsuite hostname="quezabitheone" failures="0" tests="9" name="com.test.inputvalidation.InputValidationsTest" time="0.049" errors="0" timestamp="2023-05-05T14:33:17 JST" skipped="0">
  <testcase classname="com.test.inputvalidation.InputValidationsTest" name="testNoEntryFoundWithString" time="0.001"/>
  <system-out/>
  <testcase classname="com.test.inputvalidation.InputValidationsTest" name="testContainsLegalCharactersWithCharArray" time="0.023"/>
  <system-out/>
  <testcase classname="com.test.inputvalidation.InputValidationsTest" name="testValidatePasswordWithString" time="0.005"/>
  <system-out/>
  <testcase classname="com.test.inputvalidation.InputValidationsTest" name="testIsOnlyLetterCharactersWithCharArray" time="0.003"/>
  <system-out/>
  <testcase classname="com.test.inputvalidation.InputValidationsTest" name="testValidatePasswordWithCharArray" time="0.008"/>
  <system-out/>
  <testcase classname="com.test.inputvalidation.InputValidationsTest" name="testContainsLegalCharactersWithString" time="0.003"/>
  <system-out/>
  <testcase classname="com.test.inputvalidation.InputValidationsTest" name="testIsOnlyLettersAndNumbersWithCharArray" time="0.003"/>
  <system-out/>
  <testcase classname="com.test.inputvalidation.InputValidationsTest" name="testIsOnlyLettersAndNumbersWithString" time="0.002"/>
  <system-out/>
  <testcase classname="com.test.inputvalidation.InputValidationsTest" name="testIsOnlyLetterCharactersWithString" time="0.001"/>
  <system-out/>
</testsuite> <!-- com.test.inputvalidation.InputValidationsTest -->
