<?xml version="1.0" encoding="UTF-8"?>
<!-- Generated by org.testng.reporters.JUnitReportReporter -->
<testsuite hostname="quezabitheone" failures="0" tests="5" name="com.test.adminfunctions.CreateUserTest" time="3.005" errors="0" timestamp="2023-05-30T17:55:55 JST" skipped="0">
  <testcase classname="com.test.adminfunctions.CreateUserTest" name="saltValid" time="0.546"/>
  <system-out/>
  <testcase classname="com.test.adminfunctions.CreateUserTest" name="nullValueFoundTest" time="0.485"/>
  <system-out/>
  <testcase classname="com.test.adminfunctions.CreateUserTest" name="firstNameValid" time="0.917"/>
  <system-out/>
  <testcase classname="com.test.adminfunctions.CreateUserTest" name="passwordValid" time="0.540"/>
  <system-out/>
  <testcase classname="com.test.adminfunctions.CreateUserTest" name="lastNameValid" time="0.517"/>
  <system-out/>
</testsuite> <!-- com.test.adminfunctions.CreateUserTest -->
