<?xml version="1.0" encoding="UTF-8"?>
<!-- Generated by org.testng.reporters.JUnitReportReporter -->
<testsuite hostname="quezabitheone" failures="0" tests="2" name="com.test.adminfunctions.ClassAdminPassphraseConfirmTest" time="0.105" errors="0" timestamp="2023-05-16T16:37:47 JST" skipped="0">
  <testcase classname="com.test.adminfunctions.ClassAdminPassphraseConfirmTest" name="createConfigurationFile" time="0.006"/>
  <system-out/>
  <testcase classname="com.test.adminfunctions.ClassAdminPassphraseConfirmTest" name="validatePassword" time="0.099"/>
  <system-out/>
</testsuite> <!-- com.test.adminfunctions.ClassAdminPassphraseConfirmTest -->
