<?xml version="1.0" encoding="UTF-8"?>
<!-- Generated by org.testng.reporters.JUnitReportReporter -->
<testsuite hostname="quezabitheone" failures="0" tests="1" name="com.test.adminfunctions.CreateAdminTest" time="0.288" errors="0" timestamp="2023-04-25T13:15:19 JST" skipped="0">
  <testcase classname="com.test.adminfunctions.CreateAdminTest" name="testDoInBackground" time="0.288"/>
  <system-out/>
</testsuite> <!-- com.test.adminfunctions.CreateAdminTest -->
