<?xml version="1.0" encoding="UTF-8"?>
<!-- Generated by org.testng.reporters.JUnitReportReporter -->
<testsuite hostname="quezabitheone" failures="0" tests="6" name="com.test.adminfunctions.CreateAdminTest" time="2.323" errors="0" timestamp="2023-05-27T11:10:46 JST" skipped="0">
  <testcase classname="com.test.adminfunctions.CreateAdminTest" name="nameCleanerWorks" time="0.256"/>
  <system-out/>
  <testcase classname="com.test.adminfunctions.CreateAdminTest" name="saltValid" time="0.799"/>
  <system-out/>
  <testcase classname="com.test.adminfunctions.CreateAdminTest" name="passwordValid" time="0.457"/>
  <system-out/>
  <testcase classname="com.test.adminfunctions.CreateAdminTest" name="lastNameValid" time="0.260"/>
  <system-out/>
  <testcase classname="com.test.adminfunctions.CreateAdminTest" name="firstNameValid" time="0.286"/>
  <system-out/>
  <testcase classname="com.test.adminfunctions.CreateAdminTest" name="nullValueFoundTest" time="0.265"/>
  <system-out/>
</testsuite> <!-- com.test.adminfunctions.CreateAdminTest -->
