<?xml version="1.0" encoding="UTF-8"?>
<!-- Generated by org.testng.reporters.JUnitReportReporter -->
<testsuite hostname="quezabitheone" failures="0" tests="6" name="com.test.adminfunctions.CreateAdminTest" time="7.756" errors="0" timestamp="2023-06-12T22:40:48 JST" skipped="0">
  <testcase classname="com.test.adminfunctions.CreateAdminTest" name="nameCleanerWorks" time="1.351"/>
  <system-out/>
  <testcase classname="com.test.adminfunctions.CreateAdminTest" name="saltValid" time="2.748"/>
  <system-out/>
  <testcase classname="com.test.adminfunctions.CreateAdminTest" name="passwordValid" time="0.936"/>
  <system-out/>
  <testcase classname="com.test.adminfunctions.CreateAdminTest" name="lastNameValid" time="0.733"/>
  <system-out/>
  <testcase classname="com.test.adminfunctions.CreateAdminTest" name="firstNameValid" time="1.225"/>
  <system-out/>
  <testcase classname="com.test.adminfunctions.CreateAdminTest" name="nullValueFoundTest" time="0.763"/>
  <system-out/>
</testsuite> <!-- com.test.adminfunctions.CreateAdminTest -->
